[2019-03-02 23:45:35] local.DEBUG: User id is 1  
[2019-03-02 23:45:39] local.DEBUG: Viewing a plan 1  
[2019-03-02 23:45:39] local.DEBUG: Plan type id 2  
[2019-03-02 23:52:21] local.DEBUG: User id is 1  
[2019-03-02 23:52:22] local.DEBUG: Viewing a plan 1  
[2019-03-02 23:52:22] local.DEBUG: Plan type id 2  
[2019-03-02 23:52:26] local.DEBUG: User id is 1  
[2019-03-02 23:52:27] local.DEBUG: Viewing a plan 3  
[2019-03-02 23:52:27] local.DEBUG: Plan type id 4  
[2019-03-02 23:52:59] local.DEBUG: Viewing a plan 3  
[2019-03-02 23:52:59] local.DEBUG: Plan type id 4  
[2019-03-02 23:53:00] local.DEBUG: Viewing a plan 3  
[2019-03-02 23:53:00] local.DEBUG: Plan type id 4  
[2019-03-02 23:53:03] local.DEBUG: User id is 1  
[2019-03-02 23:53:04] local.DEBUG: Viewing a plan 3  
[2019-03-02 23:53:04] local.DEBUG: Plan type id 4  
[2019-03-02 23:53:09] local.DEBUG: Viewing a plan 3  
[2019-03-02 23:53:09] local.DEBUG: Plan type id 4  
[2019-03-02 23:54:23] local.DEBUG: Viewing a plan 3  
[2019-03-02 23:54:23] local.DEBUG: Plan type id 4  
[2019-03-02 23:54:25] local.DEBUG: User id is 1  
[2019-03-02 23:54:26] local.DEBUG: Viewing a plan 1  
[2019-03-02 23:54:26] local.DEBUG: Plan type id 2  
[2019-03-02 23:54:27] local.DEBUG: User id is 1  
[2019-03-02 23:54:48] local.DEBUG: Validating the request  
[2019-03-02 23:54:48] local.DEBUG: We got past the validation.  
[2019-03-02 23:54:49] local.DEBUG: User id is 1  
[2019-03-02 23:54:51] local.DEBUG: Viewing a plan 4  
[2019-03-02 23:54:51] local.DEBUG: Plan type id 5  
[2019-03-02 23:55:13] local.DEBUG: Viewing a plan 4  
[2019-03-02 23:55:13] local.DEBUG: Plan type id 5  
[2019-03-02 23:55:15] local.DEBUG: User id is 1  
[2019-03-02 23:57:14] local.DEBUG: Viewing a plan 1  
[2019-03-02 23:57:14] local.DEBUG: Plan type id 2  
